2018-03-04 19:36:56.781  INFO 9297 --- [main] com.db.efolder.TFEFRestApplication       : Starting TFEFRestApplication v18.1.0 on Rajans-MacBook-Pro.local with PID 9297 (/Users/rajan/IdeaProjects/TFEFRestServices/target/RestServices-18.1.0.jar started by rajan in /Users/rajan/IdeaProjects/TFEFRestServices)
2018-03-04 19:36:56.785  INFO 9297 --- [main] com.db.efolder.TFEFRestApplication       : No active profile set, falling back to default profiles: default
2018-03-04 19:36:56.871  INFO 9297 --- [main] ConfigServletWebServerApplicationContext : Refreshing org.springframework.boot.web.servlet.context.AnnotationConfigServletWebServerApplicationContext@5315b42e: startup date [Sun Mar 04 19:36:56 IST 2018]; root of context hierarchy
2018-03-04 19:36:58.352  INFO 9297 --- [main] o.s.b.w.embedded.tomcat.TomcatWebServer  : Tomcat initialized with port(s): 8090 (http)
2018-03-04 19:36:58.394  INFO 9297 --- [main] o.apache.catalina.core.StandardService   : Starting service [Tomcat]
2018-03-04 19:36:58.395  INFO 9297 --- [main] org.apache.catalina.core.StandardEngine  : Starting Servlet Engine: Apache Tomcat/8.5.28
2018-03-04 19:36:58.410  INFO 9297 --- [localhost-startStop-1] o.a.catalina.core.AprLifecycleListener   : The APR based Apache Tomcat Native library which allows optimal performance in production environments was not found on the java.library.path: [/Users/rajan/Library/Java/Extensions:/Library/Java/Extensions:/Network/Library/Java/Extensions:/System/Library/Java/Extensions:/usr/lib/java:.]
2018-03-04 19:36:58.533  INFO 9297 --- [localhost-startStop-1] o.a.c.c.C.[Tomcat].[localhost].[/]       : Initializing Spring embedded WebApplicationContext
2018-03-04 19:36:58.533  INFO 9297 --- [localhost-startStop-1] o.s.web.context.ContextLoader            : Root WebApplicationContext: initialization completed in 1662 ms
2018-03-04 19:36:58.724  INFO 9297 --- [localhost-startStop-1] o.s.b.w.servlet.FilterRegistrationBean   : Mapping filter: 'characterEncodingFilter' to: [/*]
2018-03-04 19:36:58.725  INFO 9297 --- [localhost-startStop-1] o.s.b.w.servlet.FilterRegistrationBean   : Mapping filter: 'hiddenHttpMethodFilter' to: [/*]
2018-03-04 19:36:58.726  INFO 9297 --- [localhost-startStop-1] o.s.b.w.servlet.FilterRegistrationBean   : Mapping filter: 'httpPutFormContentFilter' to: [/*]
2018-03-04 19:36:58.726  INFO 9297 --- [localhost-startStop-1] o.s.b.w.servlet.FilterRegistrationBean   : Mapping filter: 'requestContextFilter' to: [/*]
2018-03-04 19:36:58.727  INFO 9297 --- [localhost-startStop-1] .s.DelegatingFilterProxyRegistrationBean : Mapping filter: 'springSecurityFilterChain' to: [/*]
2018-03-04 19:36:58.727  INFO 9297 --- [localhost-startStop-1] o.s.b.w.servlet.ServletRegistrationBean  : Servlet dispatcherServlet mapped to [/]
2018-03-04 19:36:59.230  INFO 9297 --- [main] s.w.s.m.m.a.RequestMappingHandlerMapping : Mapped "{[/TFEFRestServices/edocservice/upload],methods=[POST],consumes=[multipart/form-data],produces=[application/json]}" onto public com.db.efolder.domain.DocServiceResponse com.db.efolder.api.rest.EDocController.uploadTMSheet(org.springframework.web.multipart.MultipartFile,java.lang.String)
2018-03-04 19:36:59.232  INFO 9297 --- [main] s.w.s.m.m.a.RequestMappingHandlerMapping : Mapped "{[/v2/api-docs],methods=[GET],produces=[application/json || application/hal+json]}" onto public org.springframework.http.ResponseEntity<springfox.documentation.spring.web.json.Json> springfox.documentation.swagger2.web.Swagger2Controller.getDocumentation(java.lang.String,javax.servlet.http.HttpServletRequest)
2018-03-04 19:36:59.237  INFO 9297 --- [main] s.w.s.m.m.a.RequestMappingHandlerMapping : Mapped "{[/swagger-resources/configuration/security]}" onto org.springframework.http.ResponseEntity<springfox.documentation.swagger.web.SecurityConfiguration> springfox.documentation.swagger.web.ApiResourceController.securityConfiguration()
2018-03-04 19:36:59.238  INFO 9297 --- [main] s.w.s.m.m.a.RequestMappingHandlerMapping : Mapped "{[/swagger-resources/configuration/ui]}" onto org.springframework.http.ResponseEntity<springfox.documentation.swagger.web.UiConfiguration> springfox.documentation.swagger.web.ApiResourceController.uiConfiguration()
2018-03-04 19:36:59.239  INFO 9297 --- [main] s.w.s.m.m.a.RequestMappingHandlerMapping : Mapped "{[/swagger-resources]}" onto org.springframework.http.ResponseEntity<java.util.List<springfox.documentation.swagger.web.SwaggerResource>> springfox.documentation.swagger.web.ApiResourceController.swaggerResources()
2018-03-04 19:36:59.244  INFO 9297 --- [main] s.w.s.m.m.a.RequestMappingHandlerMapping : Mapped "{[/error]}" onto public org.springframework.http.ResponseEntity<java.util.Map<java.lang.String, java.lang.Object>> org.springframework.boot.autoconfigure.web.servlet.error.BasicErrorController.error(javax.servlet.http.HttpServletRequest)
2018-03-04 19:36:59.245  INFO 9297 --- [main] s.w.s.m.m.a.RequestMappingHandlerMapping : Mapped "{[/error],produces=[text/html]}" onto public org.springframework.web.servlet.ModelAndView org.springframework.boot.autoconfigure.web.servlet.error.BasicErrorController.errorHtml(javax.servlet.http.HttpServletRequest,javax.servlet.http.HttpServletResponse)
2018-03-04 19:36:59.615  INFO 9297 --- [main] s.w.s.m.m.a.RequestMappingHandlerAdapter : Looking for @ControllerAdvice: org.springframework.boot.web.servlet.context.AnnotationConfigServletWebServerApplicationContext@5315b42e: startup date [Sun Mar 04 19:36:56 IST 2018]; root of context hierarchy
2018-03-04 19:36:59.703  INFO 9297 --- [main] o.s.w.s.handler.SimpleUrlHandlerMapping  : Mapped URL path [/webjars/**] onto handler of type [class org.springframework.web.servlet.resource.ResourceHttpRequestHandler]
2018-03-04 19:36:59.704  INFO 9297 --- [main] o.s.w.s.handler.SimpleUrlHandlerMapping  : Mapped URL path [/**] onto handler of type [class org.springframework.web.servlet.resource.ResourceHttpRequestHandler]
2018-03-04 19:36:59.766  INFO 9297 --- [main] o.s.w.s.handler.SimpleUrlHandlerMapping  : Mapped URL path [/**/favicon.ico] onto handler of type [class org.springframework.web.servlet.resource.ResourceHttpRequestHandler]
2018-03-04 19:36:59.987  INFO 9297 --- [main] .s.s.UserDetailsServiceAutoConfiguration : 

Using generated security password: af1cea0f-b755-4a95-9a6a-af802672e57a

2018-03-04 19:37:00.204  INFO 9297 --- [main] o.s.s.web.DefaultSecurityFilterChain     : Creating filter chain: org.springframework.security.web.util.matcher.AnyRequestMatcher@1, [org.springframework.security.web.context.request.async.WebAsyncManagerIntegrationFilter@4738a206, org.springframework.security.web.context.SecurityContextPersistenceFilter@383bfa16, org.springframework.security.web.header.HeaderWriterFilter@25084a1e, org.springframework.security.web.csrf.CsrfFilter@2a54a73f, org.springframework.security.web.authentication.logout.LogoutFilter@47faa49c, org.springframework.security.web.authentication.UsernamePasswordAuthenticationFilter@2f217633, org.springframework.security.web.authentication.ui.DefaultLoginPageGeneratingFilter@73e22a3d, org.springframework.security.web.authentication.www.BasicAuthenticationFilter@6cd28fa7, org.springframework.security.web.savedrequest.RequestCacheAwareFilter@53fdffa1, org.springframework.security.web.servletapi.SecurityContextHolderAwareRequestFilter@4d0f2471, org.springframework.security.web.authentication.AnonymousAuthenticationFilter@66d3eec0, org.springframework.security.web.session.SessionManagementFilter@3bf9ce3e, org.springframework.security.web.access.ExceptionTranslationFilter@5fbdfdcf, org.springframework.security.web.access.intercept.FilterSecurityInterceptor@22ef9844]
2018-03-04 19:37:00.305  INFO 9297 --- [main] o.s.c.support.DefaultLifecycleProcessor  : Starting beans in phase 2147483647
2018-03-04 19:37:00.305  INFO 9297 --- [main] d.s.w.p.DocumentationPluginsBootstrapper : Context refreshed
2018-03-04 19:37:00.340  INFO 9297 --- [main] d.s.w.p.DocumentationPluginsBootstrapper : Found 1 custom documentation plugin(s)
2018-03-04 19:37:00.356  INFO 9297 --- [main] s.d.s.w.s.ApiListingReferenceScanner     : Scanning for api listing references
2018-03-04 19:37:00.563 ERROR 9297 --- [main] o.apache.catalina.core.StandardService   : Failed to start connector [Connector[HTTP/1.1-8090]]

org.apache.catalina.LifecycleException: Failed to start component [Connector[HTTP/1.1-8090]]
	at org.apache.catalina.util.LifecycleBase.start(LifecycleBase.java:167) ~[tomcat-embed-core-8.5.28.jar!/:8.5.28]
	at org.apache.catalina.core.StandardService.addConnector(StandardService.java:225) ~[tomcat-embed-core-8.5.28.jar!/:8.5.28]
	at org.springframework.boot.web.embedded.tomcat.TomcatWebServer.addPreviouslyRemovedConnectors(TomcatWebServer.java:255) [spring-boot-2.0.0.RELEASE.jar!/:2.0.0.RELEASE]
	at org.springframework.boot.web.embedded.tomcat.TomcatWebServer.start(TomcatWebServer.java:197) [spring-boot-2.0.0.RELEASE.jar!/:2.0.0.RELEASE]
	at org.springframework.boot.web.servlet.context.ServletWebServerApplicationContext.startWebServer(ServletWebServerApplicationContext.java:300) [spring-boot-2.0.0.RELEASE.jar!/:2.0.0.RELEASE]
	at org.springframework.boot.web.servlet.context.ServletWebServerApplicationContext.finishRefresh(ServletWebServerApplicationContext.java:162) [spring-boot-2.0.0.RELEASE.jar!/:2.0.0.RELEASE]
	at org.springframework.context.support.AbstractApplicationContext.refresh(AbstractApplicationContext.java:552) [spring-context-5.0.4.RELEASE.jar!/:5.0.4.RELEASE]
	at org.springframework.boot.web.servlet.context.ServletWebServerApplicationContext.refresh(ServletWebServerApplicationContext.java:140) [spring-boot-2.0.0.RELEASE.jar!/:2.0.0.RELEASE]
	at org.springframework.boot.SpringApplication.refresh(SpringApplication.java:752) [spring-boot-2.0.0.RELEASE.jar!/:2.0.0.RELEASE]
	at org.springframework.boot.SpringApplication.refreshContext(SpringApplication.java:388) [spring-boot-2.0.0.RELEASE.jar!/:2.0.0.RELEASE]
	at org.springframework.boot.SpringApplication.run(SpringApplication.java:327) [spring-boot-2.0.0.RELEASE.jar!/:2.0.0.RELEASE]
	at org.springframework.boot.SpringApplication.run(SpringApplication.java:1246) [spring-boot-2.0.0.RELEASE.jar!/:2.0.0.RELEASE]
	at org.springframework.boot.SpringApplication.run(SpringApplication.java:1234) [spring-boot-2.0.0.RELEASE.jar!/:2.0.0.RELEASE]
	at com.db.efolder.TFEFRestApplication.main(TFEFRestApplication.java:21) [classes!/:18.1.0]
	at sun.reflect.NativeMethodAccessorImpl.invoke0(Native Method) ~[na:1.8.0_111]
	at sun.reflect.NativeMethodAccessorImpl.invoke(NativeMethodAccessorImpl.java:62) ~[na:1.8.0_111]
	at sun.reflect.DelegatingMethodAccessorImpl.invoke(DelegatingMethodAccessorImpl.java:43) ~[na:1.8.0_111]
	at java.lang.reflect.Method.invoke(Method.java:498) ~[na:1.8.0_111]
	at org.springframework.boot.loader.MainMethodRunner.run(MainMethodRunner.java:48) [RestServices-18.1.0.jar:18.1.0]
	at org.springframework.boot.loader.Launcher.launch(Launcher.java:87) [RestServices-18.1.0.jar:18.1.0]
	at org.springframework.boot.loader.Launcher.launch(Launcher.java:50) [RestServices-18.1.0.jar:18.1.0]
	at org.springframework.boot.loader.JarLauncher.main(JarLauncher.java:51) [RestServices-18.1.0.jar:18.1.0]
Caused by: org.apache.catalina.LifecycleException: Protocol handler start failed
	at org.apache.catalina.connector.Connector.startInternal(Connector.java:1021) ~[tomcat-embed-core-8.5.28.jar!/:8.5.28]
	at org.apache.catalina.util.LifecycleBase.start(LifecycleBase.java:150) ~[tomcat-embed-core-8.5.28.jar!/:8.5.28]
	... 21 common frames omitted
Caused by: java.net.BindException: Address already in use
	at sun.nio.ch.Net.bind0(Native Method) ~[na:1.8.0_111]
	at sun.nio.ch.Net.bind(Net.java:433) ~[na:1.8.0_111]
	at sun.nio.ch.Net.bind(Net.java:425) ~[na:1.8.0_111]
	at sun.nio.ch.ServerSocketChannelImpl.bind(ServerSocketChannelImpl.java:223) ~[na:1.8.0_111]
	at sun.nio.ch.ServerSocketAdaptor.bind(ServerSocketAdaptor.java:74) ~[na:1.8.0_111]
	at org.apache.tomcat.util.net.NioEndpoint.bind(NioEndpoint.java:210) ~[tomcat-embed-core-8.5.28.jar!/:8.5.28]
	at org.apache.tomcat.util.net.AbstractEndpoint.start(AbstractEndpoint.java:1150) ~[tomcat-embed-core-8.5.28.jar!/:8.5.28]
	at org.apache.coyote.AbstractProtocol.start(AbstractProtocol.java:591) ~[tomcat-embed-core-8.5.28.jar!/:8.5.28]
	at org.apache.catalina.connector.Connector.startInternal(Connector.java:1018) ~[tomcat-embed-core-8.5.28.jar!/:8.5.28]
	... 22 common frames omitted

2018-03-04 19:37:00.567  INFO 9297 --- [main] o.apache.catalina.core.StandardService   : Stopping service [Tomcat]
2018-03-04 19:37:00.580  INFO 9297 --- [main] ConditionEvaluationReportLoggingListener : 

Error starting ApplicationContext. To display the conditions report re-run your application with 'debug' enabled.
2018-03-04 19:37:00.581 ERROR 9297 --- [main] o.s.b.d.LoggingFailureAnalysisReporter   : 

***************************
APPLICATION FAILED TO START
***************************

Description:

The Tomcat connector configured to listen on port 8090 failed to start. The port may already be in use or the connector may be misconfigured.

Action:

Verify the connector's configuration, identify and stop any process that's listening on port 8090, or configure this application to listen on another port.

2018-03-04 19:37:00.583  INFO 9297 --- [main] ConfigServletWebServerApplicationContext : Closing org.springframework.boot.web.servlet.context.AnnotationConfigServletWebServerApplicationContext@5315b42e: startup date [Sun Mar 04 19:36:56 IST 2018]; root of context hierarchy
2018-03-04 19:37:00.585  INFO 9297 --- [main] o.s.c.support.DefaultLifecycleProcessor  : Stopping beans in phase 2147483647
2018-03-04 19:37:27.295  INFO 9298 --- [main] com.db.efolder.TFEFRestApplication       : Starting TFEFRestApplication v18.1.0 on Rajans-MacBook-Pro.local with PID 9298 (/Users/rajan/IdeaProjects/TFEFRestServices/target/RestServices-18.1.0.jar started by rajan in /Users/rajan/IdeaProjects/TFEFRestServices)
2018-03-04 19:37:27.302  INFO 9298 --- [main] com.db.efolder.TFEFRestApplication       : No active profile set, falling back to default profiles: default
2018-03-04 19:37:27.389  INFO 9298 --- [main] ConfigServletWebServerApplicationContext : Refreshing org.springframework.boot.web.servlet.context.AnnotationConfigServletWebServerApplicationContext@5315b42e: startup date [Sun Mar 04 19:37:27 IST 2018]; root of context hierarchy
2018-03-04 19:37:28.912  INFO 9298 --- [main] o.s.b.w.embedded.tomcat.TomcatWebServer  : Tomcat initialized with port(s): 8090 (http)
2018-03-04 19:37:28.954  INFO 9298 --- [main] o.apache.catalina.core.StandardService   : Starting service [Tomcat]
2018-03-04 19:37:28.955  INFO 9298 --- [main] org.apache.catalina.core.StandardEngine  : Starting Servlet Engine: Apache Tomcat/8.5.28
2018-03-04 19:37:28.970  INFO 9298 --- [localhost-startStop-1] o.a.catalina.core.AprLifecycleListener   : The APR based Apache Tomcat Native library which allows optimal performance in production environments was not found on the java.library.path: [/Users/rajan/Library/Java/Extensions:/Library/Java/Extensions:/Network/Library/Java/Extensions:/System/Library/Java/Extensions:/usr/lib/java:.]
2018-03-04 19:37:29.110  INFO 9298 --- [localhost-startStop-1] o.a.c.c.C.[Tomcat].[localhost].[/]       : Initializing Spring embedded WebApplicationContext
2018-03-04 19:37:29.111  INFO 9298 --- [localhost-startStop-1] o.s.web.context.ContextLoader            : Root WebApplicationContext: initialization completed in 1722 ms
2018-03-04 19:37:29.305  INFO 9298 --- [localhost-startStop-1] o.s.b.w.servlet.FilterRegistrationBean   : Mapping filter: 'characterEncodingFilter' to: [/*]
2018-03-04 19:37:29.306  INFO 9298 --- [localhost-startStop-1] o.s.b.w.servlet.FilterRegistrationBean   : Mapping filter: 'hiddenHttpMethodFilter' to: [/*]
2018-03-04 19:37:29.306  INFO 9298 --- [localhost-startStop-1] o.s.b.w.servlet.FilterRegistrationBean   : Mapping filter: 'httpPutFormContentFilter' to: [/*]
2018-03-04 19:37:29.306  INFO 9298 --- [localhost-startStop-1] o.s.b.w.servlet.FilterRegistrationBean   : Mapping filter: 'requestContextFilter' to: [/*]
2018-03-04 19:37:29.307  INFO 9298 --- [localhost-startStop-1] .s.DelegatingFilterProxyRegistrationBean : Mapping filter: 'springSecurityFilterChain' to: [/*]
2018-03-04 19:37:29.307  INFO 9298 --- [localhost-startStop-1] o.s.b.w.servlet.ServletRegistrationBean  : Servlet dispatcherServlet mapped to [/]
2018-03-04 19:37:29.849  INFO 9298 --- [main] s.w.s.m.m.a.RequestMappingHandlerMapping : Mapped "{[/TFEFRestServices/edocservice/upload],methods=[POST],consumes=[multipart/form-data],produces=[application/json]}" onto public com.db.efolder.domain.DocServiceResponse com.db.efolder.api.rest.EDocController.uploadTMSheet(org.springframework.web.multipart.MultipartFile,java.lang.String)
2018-03-04 19:37:29.851  INFO 9298 --- [main] s.w.s.m.m.a.RequestMappingHandlerMapping : Mapped "{[/v2/api-docs],methods=[GET],produces=[application/json || application/hal+json]}" onto public org.springframework.http.ResponseEntity<springfox.documentation.spring.web.json.Json> springfox.documentation.swagger2.web.Swagger2Controller.getDocumentation(java.lang.String,javax.servlet.http.HttpServletRequest)
2018-03-04 19:37:29.857  INFO 9298 --- [main] s.w.s.m.m.a.RequestMappingHandlerMapping : Mapped "{[/swagger-resources/configuration/security]}" onto org.springframework.http.ResponseEntity<springfox.documentation.swagger.web.SecurityConfiguration> springfox.documentation.swagger.web.ApiResourceController.securityConfiguration()
2018-03-04 19:37:29.858  INFO 9298 --- [main] s.w.s.m.m.a.RequestMappingHandlerMapping : Mapped "{[/swagger-resources/configuration/ui]}" onto org.springframework.http.ResponseEntity<springfox.documentation.swagger.web.UiConfiguration> springfox.documentation.swagger.web.ApiResourceController.uiConfiguration()
2018-03-04 19:37:29.859  INFO 9298 --- [main] s.w.s.m.m.a.RequestMappingHandlerMapping : Mapped "{[/swagger-resources]}" onto org.springframework.http.ResponseEntity<java.util.List<springfox.documentation.swagger.web.SwaggerResource>> springfox.documentation.swagger.web.ApiResourceController.swaggerResources()
2018-03-04 19:37:29.863  INFO 9298 --- [main] s.w.s.m.m.a.RequestMappingHandlerMapping : Mapped "{[/error]}" onto public org.springframework.http.ResponseEntity<java.util.Map<java.lang.String, java.lang.Object>> org.springframework.boot.autoconfigure.web.servlet.error.BasicErrorController.error(javax.servlet.http.HttpServletRequest)
2018-03-04 19:37:29.864  INFO 9298 --- [main] s.w.s.m.m.a.RequestMappingHandlerMapping : Mapped "{[/error],produces=[text/html]}" onto public org.springframework.web.servlet.ModelAndView org.springframework.boot.autoconfigure.web.servlet.error.BasicErrorController.errorHtml(javax.servlet.http.HttpServletRequest,javax.servlet.http.HttpServletResponse)
2018-03-04 19:37:30.257  INFO 9298 --- [main] s.w.s.m.m.a.RequestMappingHandlerAdapter : Looking for @ControllerAdvice: org.springframework.boot.web.servlet.context.AnnotationConfigServletWebServerApplicationContext@5315b42e: startup date [Sun Mar 04 19:37:27 IST 2018]; root of context hierarchy
2018-03-04 19:37:30.340  INFO 9298 --- [main] o.s.w.s.handler.SimpleUrlHandlerMapping  : Mapped URL path [/webjars/**] onto handler of type [class org.springframework.web.servlet.resource.ResourceHttpRequestHandler]
2018-03-04 19:37:30.340  INFO 9298 --- [main] o.s.w.s.handler.SimpleUrlHandlerMapping  : Mapped URL path [/**] onto handler of type [class org.springframework.web.servlet.resource.ResourceHttpRequestHandler]
2018-03-04 19:37:30.410  INFO 9298 --- [main] o.s.w.s.handler.SimpleUrlHandlerMapping  : Mapped URL path [/**/favicon.ico] onto handler of type [class org.springframework.web.servlet.resource.ResourceHttpRequestHandler]
2018-03-04 19:37:30.663  INFO 9298 --- [main] .s.s.UserDetailsServiceAutoConfiguration : 

Using generated security password: 745ad065-f98f-4154-b477-32ca34086f44

2018-03-04 19:37:30.887  INFO 9298 --- [main] o.s.s.web.DefaultSecurityFilterChain     : Creating filter chain: org.springframework.security.web.util.matcher.AnyRequestMatcher@1, [org.springframework.security.web.context.request.async.WebAsyncManagerIntegrationFilter@4738a206, org.springframework.security.web.context.SecurityContextPersistenceFilter@383bfa16, org.springframework.security.web.header.HeaderWriterFilter@25084a1e, org.springframework.security.web.csrf.CsrfFilter@2a54a73f, org.springframework.security.web.authentication.logout.LogoutFilter@47faa49c, org.springframework.security.web.authentication.UsernamePasswordAuthenticationFilter@2f217633, org.springframework.security.web.authentication.ui.DefaultLoginPageGeneratingFilter@73e22a3d, org.springframework.security.web.authentication.www.BasicAuthenticationFilter@6cd28fa7, org.springframework.security.web.savedrequest.RequestCacheAwareFilter@53fdffa1, org.springframework.security.web.servletapi.SecurityContextHolderAwareRequestFilter@4d0f2471, org.springframework.security.web.authentication.AnonymousAuthenticationFilter@66d3eec0, org.springframework.security.web.session.SessionManagementFilter@3bf9ce3e, org.springframework.security.web.access.ExceptionTranslationFilter@5fbdfdcf, org.springframework.security.web.access.intercept.FilterSecurityInterceptor@22ef9844]
2018-03-04 19:37:30.978  INFO 9298 --- [main] o.s.c.support.DefaultLifecycleProcessor  : Starting beans in phase 2147483647
2018-03-04 19:37:30.978  INFO 9298 --- [main] d.s.w.p.DocumentationPluginsBootstrapper : Context refreshed
2018-03-04 19:37:31.012  INFO 9298 --- [main] d.s.w.p.DocumentationPluginsBootstrapper : Found 1 custom documentation plugin(s)
2018-03-04 19:37:31.027  INFO 9298 --- [main] s.d.s.w.s.ApiListingReferenceScanner     : Scanning for api listing references
2018-03-04 19:37:31.276  INFO 9298 --- [main] o.s.b.w.embedded.tomcat.TomcatWebServer  : Tomcat started on port(s): 8090 (http) with context path ''
2018-03-04 19:37:31.280  INFO 9298 --- [main] com.db.efolder.TFEFRestApplication       : Started TFEFRestApplication in 4.501 seconds (JVM running for 4.991)
2018-03-04 19:37:59.049  INFO 9298 --- [http-nio-8090-exec-1] o.a.c.c.C.[Tomcat].[localhost].[/]       : Initializing Spring FrameworkServlet 'dispatcherServlet'
2018-03-04 19:37:59.049  INFO 9298 --- [http-nio-8090-exec-1] o.s.web.servlet.DispatcherServlet        : FrameworkServlet 'dispatcherServlet': initialization started
2018-03-04 19:37:59.068  INFO 9298 --- [http-nio-8090-exec-1] o.s.web.servlet.DispatcherServlet        : FrameworkServlet 'dispatcherServlet': initialization completed in 19 ms
